<?xml version="1.0" encoding="UTF-8"?>
<!-- Generated by org.testng.reporters.JUnitXMLReporter -->
<testsuite hostname="DESKTOP-AMSG348" ignored="0" name="Regression" tests="4" failures="1" timestamp="2019-12-29T14:22:47 IST" time="0.055" errors="0">
  <testcase name="testCase03" time="0.009" classname="org.techAltum.com.TC03">
    <skipped/>
  </testcase> <!-- testCase03 -->
  <testcase name="testCase03" time="0.001" classname="org.techAltum.com.TC03">
    <skipped/>
  </testcase> <!-- testCase03 -->
  <testcase name="testCase03" time="0.001" classname="org.techAltum.com.TC03">
    <skipped/>
  </testcase> <!-- testCase03 -->
  <testcase name="testCase03" time="0.002" classname="org.techAltum.com.TC03">
    <failure type="java.lang.AssertionError" message="did not expect to find [true] but found [false]">
      <![CDATA[java.lang.AssertionError: did not expect to find [true] but found [false]
at org.techAltum.com.TC03.testCase03(TC03.java:18)
at java.util.ArrayList.forEach(Unknown Source)
... Removed 31 stack frames]]>
    </failure>
  </testcase> <!-- testCase03 -->
</testsuite> <!-- Regression -->
