<?xml version="1.0" encoding="UTF-8"?>
<testng-results skipped="0" failed="1" ignored="0" total="1" passed="0">
  <reporter-output>
    <line>
      <![CDATA[Url is entered. https://www.snapdeal.com/]]>
    </line>
  </reporter-output>
  <suite name="TestNG Suite" duration-ms="25636" started-at="2019-12-22T13:48:51 IST" finished-at="2019-12-22T13:49:17 IST">
    <groups>
    </groups>
    <test name="Regression" duration-ms="25636" started-at="2019-12-22T13:48:51 IST" finished-at="2019-12-22T13:49:17 IST">
      <class name="dec_21.Test02">
        <test-method status="PASS" signature="openBrowser(java.lang.String)[pri:0, instance:dec_21.Test02@544a2ea6]" name="openBrowser" is-config="true" duration-ms="10762" started-at="2019-12-22T13:48:51 IST" finished-at="2019-12-22T13:49:02 IST">
          <params>
            <param index="0">
              <value>
                <![CDATA[chrome]]>
              </value>
            </param>
          </params>
          <reporter-output>
          </reporter-output>
        </test-method> <!-- openBrowser -->
        <test-method status="FAIL" signature="snapdealTest()[pri:0, instance:dec_21.Test02@544a2ea6]" name="snapdealTest" duration-ms="12888" started-at="2019-12-22T13:49:02 IST" description="Snapdeal home page test" finished-at="2019-12-22T13:49:15 IST">
          <exception class="java.lang.AssertionError">
            <message>
              <![CDATA[Page url doesnt match. expected [http://www.snapdeal.com] but found [https://www.snapdeal.com/]]]>
            </message>
            <full-stacktrace>
              <![CDATA[java.lang.AssertionError: Page url doesnt match. expected [http://www.snapdeal.com] but found [https://www.snapdeal.com/]
at org.testng.Assert.fail(Assert.java:97)
at org.testng.Assert.assertEqualsImpl(Assert.java:136)
at org.testng.Assert.assertEquals(Assert.java:118)
at org.testng.Assert.assertEquals(Assert.java:575)
at dec_21.Test02.snapdealTest(Test02.java:26)
at sun.reflect.NativeMethodAccessorImpl.invoke0(Native Method)
at sun.reflect.NativeMethodAccessorImpl.invoke(Unknown Source)
at sun.reflect.DelegatingMethodAccessorImpl.invoke(Unknown Source)
at java.lang.reflect.Method.invoke(Unknown Source)
at org.testng.internal.MethodInvocationHelper.invokeMethod(MethodInvocationHelper.java:133)
at org.testng.internal.TestInvoker.invokeMethod(TestInvoker.java:584)
at org.testng.internal.TestInvoker.invokeTestMethod(TestInvoker.java:172)
at org.testng.internal.MethodRunner.runInSequence(MethodRunner.java:46)
at org.testng.internal.TestInvoker$MethodInvocationAgent.invoke(TestInvoker.java:804)
at org.testng.internal.TestInvoker.invokeTestMethods(TestInvoker.java:145)
at org.testng.internal.TestMethodWorker.invokeTestMethods(TestMethodWorker.java:146)
at org.testng.internal.TestMethodWorker.run(TestMethodWorker.java:128)
at java.util.ArrayList.forEach(Unknown Source)
at org.testng.TestRunner.privateRun(TestRunner.java:770)
at org.testng.TestRunner.run(TestRunner.java:591)
at org.testng.SuiteRunner.runTest(SuiteRunner.java:402)
at org.testng.SuiteRunner.runSequentially(SuiteRunner.java:396)
at org.testng.SuiteRunner.privateRun(SuiteRunner.java:355)
at org.testng.SuiteRunner.run(SuiteRunner.java:304)
at org.testng.SuiteRunnerWorker.runSuite(SuiteRunnerWorker.java:53)
at org.testng.SuiteRunnerWorker.run(SuiteRunnerWorker.java:96)
at org.testng.TestNG.runSuitesSequentially(TestNG.java:1180)
at org.testng.TestNG.runSuitesLocally(TestNG.java:1102)
at org.testng.TestNG.runSuites(TestNG.java:1032)
at org.testng.TestNG.run(TestNG.java:1000)
at org.testng.remote.AbstractRemoteTestNG.run(AbstractRemoteTestNG.java:115)
at org.testng.remote.RemoteTestNG.initAndRun(RemoteTestNG.java:251)
at org.testng.remote.RemoteTestNG.main(RemoteTestNG.java:77)
]]>
            </full-stacktrace>
          </exception> <!-- java.lang.AssertionError -->
          <reporter-output>
            <line>
              <![CDATA[Url is entered. https://www.snapdeal.com/]]>
            </line>
          </reporter-output>
        </test-method> <!-- snapdealTest -->
        <test-method status="PASS" signature="quitBrowser(org.testng.ITestResult)[pri:0, instance:dec_21.Test02@544a2ea6]" name="quitBrowser" is-config="true" duration-ms="1937" started-at="2019-12-22T13:49:15 IST" finished-at="2019-12-22T13:49:17 IST">
          <params>
            <param index="0">
              <value>
                <![CDATA[[TestResult name=snapdealTest status=FAILURE method=Test02.snapdealTest()[pri:0, instance:dec_21.Test02@544a2ea6] output=Url is entered. https://www.snapdeal.com/]]]>
              </value>
            </param>
          </params>
          <reporter-output>
          </reporter-output>
        </test-method> <!-- quitBrowser -->
      </class> <!-- dec_21.Test02 -->
    </test> <!-- Regression -->
  </suite> <!-- TestNG Suite -->
</testng-results>
